<?xml version="1.0" encoding="UTF-8"?>
<!-- Generated by org.testng.reporters.JUnitReportReporter -->
<testsuite skipped="0" hostname="DESKTOP-6OH6MVQ" name="TestNG.TimeOut" tests="1" failures="0" timestamp="20 Sep 2022 16:49:14 GMT" time="1.040" errors="0">
  <testcase name="add" time="1.040" classname="TestNG.TimeOut"/>
</testsuite> <!-- TestNG.TimeOut -->
