<?xml version="1.0" encoding="UTF-8"?>
<!-- Generated by org.testng.reporters.JUnitReportReporter -->
<testsuite skipped="0" hostname="DESKTOP-6OH6MVQ" name="testscripts.TestLeadsPage" tests="2" failures="0" timestamp="06 Oct 2022 14:02:11 GMT" time="9.545" errors="0">
  <testcase name="testLeadCreation" time="8.300" classname="testscripts.TestLeadsPage"/>
  <testcase name="testLeadDeletion" time="1.245" classname="testscripts.TestLeadsPage"/>
</testsuite> <!-- testscripts.TestLeadsPage -->
