<?xml version="1.0" encoding="UTF-8"?>
<!-- Generated by org.testng.reporters.JUnitReportReporter -->
<testsuite skipped="0" hostname="DESKTOP-6OH6MVQ" name="TestNG.Excel2" tests="1" failures="0" timestamp="24 Sep 2022 17:35:41 GMT" time="1.125" errors="0">
  <testcase name="add" time="1.125" classname="TestNG.Excel2"/>
</testsuite> <!-- TestNG.Excel2 -->
