<?xml version="1.0" encoding="UTF-8"?>
<!-- Generated by org.testng.reporters.JUnitReportReporter -->
<testsuite skipped="0" hostname="DESKTOP-6OH6MVQ" name="TestNG.Test4" tests="1" failures="0" timestamp="20 Sep 2022 16:50:59 GMT" time="0.000" errors="0">
  <testcase name="pata" time="0.000" classname="TestNG.Test4"/>
</testsuite> <!-- TestNG.Test4 -->
