<?xml version="1.0" encoding="UTF-8"?>
<!-- Generated by org.testng.reporters.JUnitReportReporter -->
<testsuite skipped="0" hostname="DESKTOP-6OH6MVQ" name="TestNG.TestNG2" tests="1" failures="0" timestamp="20 Sep 2022 16:50:59 GMT" time="0.010" errors="0">
  <testcase name="add" time="0.010" classname="TestNG.TestNG2"/>
</testsuite> <!-- TestNG.TestNG2 -->
