<?xml version="1.0" encoding="UTF-8"?>
<!-- Generated by org.testng.reporters.JUnitReportReporter -->
<testsuite skipped="0" hostname="DESKTOP-6OH6MVQ" name="day2.AmzTest" tests="1" failures="0" timestamp="20 Sep 2022 16:50:59 GMT" time="0.008" errors="0">
  <testcase name="f" time="0.008" classname="day2.AmzTest"/>
</testsuite> <!-- day2.AmzTest -->
