<?xml version="1.0" encoding="UTF-8"?>
<!-- Generated by org.testng.reporters.JUnitReportReporter -->
<testsuite skipped="1" hostname="DESKTOP-6OH6MVQ" name="TestNG.Priority" tests="5" failures="0" timestamp="20 Sep 2022 16:50:59 GMT" time="0.009" errors="0">
  <testcase name="test1" time="0.003" classname="TestNG.Priority"/>
  <testcase name="test2" time="0.002" classname="TestNG.Priority"/>
  <testcase name="testa" time="0.002" classname="TestNG.Priority"/>
  <testcase name="testz" time="0.002" classname="TestNG.Priority"/>
  <testcase name="test3" classname="TestNG.Priority">
    <skipped/>
  </testcase> <!-- test3 -->
</testsuite> <!-- TestNG.Priority -->
