<?xml version="1.0" encoding="UTF-8"?>
<!-- Generated by org.testng.reporters.JUnitReportReporter -->
<testsuite skipped="0" hostname="DESKTOP-6OH6MVQ" name="TestNG.ExcelFile" tests="1" failures="0" timestamp="22 Sep 2022 09:11:06 GMT" time="0.730" errors="0">
  <testcase name="getDiffTypeOfCellData" time="0.730" classname="TestNG.ExcelFile"/>
</testsuite> <!-- TestNG.ExcelFile -->
