<?xml version="1.0" encoding="UTF-8"?>
<!-- Generated by org.testng.reporters.JUnitReportReporter -->
<testsuite skipped="0" hostname="DESKTOP-6OH6MVQ" name="TestNG.Test3" tests="13" failures="0" timestamp="20 Sep 2022 16:50:59 GMT" time="0.059" errors="0">
  <testcase name="testCase2" time="0.007" classname="TestNG.Test3"/>
  <testcase name="testCase10" time="0.002" classname="TestNG.Test3"/>
  <testcase name="testCase1" time="0.003" classname="TestNG.Test3"/>
  <testcase name="testCase06" time="0.015" classname="TestNG.Test3"/>
  <testcase name="testCase07" time="0.003" classname="TestNG.Test3"/>
  <testcase name="testCase05" time="0.002" classname="TestNG.Test3"/>
  <testcase name="testCase08" time="0.002" classname="TestNG.Test3"/>
  <testcase name="testCase12" time="0.003" classname="TestNG.Test3"/>
  <testcase name="testCase03" time="0.002" classname="TestNG.Test3"/>
  <testcase name="testCase02" time="0.006" classname="TestNG.Test3"/>
  <testcase name="testCase04" time="0.004" classname="TestNG.Test3"/>
  <testcase name="testCase11" time="0.008" classname="TestNG.Test3"/>
  <testcase name="testCase09" time="0.002" classname="TestNG.Test3"/>
</testsuite> <!-- TestNG.Test3 -->
