<?xml version="1.0" encoding="UTF-8"?>
<!-- Generated by org.testng.reporters.JUnitReportReporter -->
<testsuite skipped="0" hostname="DESKTOP-6OH6MVQ" name="TestNG.Test5" tests="2" failures="0" timestamp="20 Sep 2022 16:50:58 GMT" time="0.187" errors="0">
  <testcase name="openBrowser" time="0.187" classname="TestNG.Test5"/>
  <testcase name="add" time="0.000" classname="TestNG.Test5"/>
</testsuite> <!-- TestNG.Test5 -->
