<?xml version="1.0" encoding="UTF-8"?>
<!-- Generated by org.testng.reporters.JUnitReportReporter -->
<testsuite skipped="0" hostname="DESKTOP-6OH6MVQ" name="BrokenLink.BrokenLink" tests="1" failures="0" timestamp="04 Oct 2022 10:30:42 GMT" time="22.436" errors="0">
  <testcase name="testBroken" time="22.436" classname="BrokenLink.BrokenLink"/>
</testsuite> <!-- BrokenLink.BrokenLink -->
