<?xml version="1.0" encoding="UTF-8"?>
<!-- Generated by org.testng.reporters.JUnitReportReporter -->
<testsuite skipped="1" hostname="DESKTOP-6OH6MVQ" name="TestNG.Invocation" tests="6" failures="0" timestamp="20 Sep 2022 16:50:59 GMT" time="0.031" errors="0">
  <testcase name="invoke" time="0.000" classname="TestNG.Invocation"/>
  <testcase name="invoke" time="0.000" classname="TestNG.Invocation"/>
  <testcase name="invoke" time="0.000" classname="TestNG.Invocation"/>
  <testcase name="invoke" time="0.015" classname="TestNG.Invocation"/>
  <testcase name="invoke" time="0.016" classname="TestNG.Invocation"/>
  <testcase name="invoke1" classname="TestNG.Invocation">
    <skipped/>
  </testcase> <!-- invoke1 -->
</testsuite> <!-- TestNG.Invocation -->
