<?xml version="1.0" encoding="UTF-8"?>
<!-- Generated by org.testng.reporters.JUnitReportReporter -->
<testsuite skipped="0" hostname="DESKTOP-6OH6MVQ" name="practice.Test11" tests="3" failures="0" timestamp="27 Sep 2022 11:12:04 GMT" time="20.121" errors="0">
  <testcase name="sub" time="5.383" classname="practice.Test11"/>
  <testcase name="sub" time="6.361" classname="practice.Test11"/>
  <testcase name="sub" time="8.377" classname="practice.Test11"/>
</testsuite> <!-- practice.Test11 -->
